2024-10-07 12:22:59 error: [GET] /courses/1 >> StatusCode:: 403, Message:: You are not authorized to update this course
2024-10-07 12:23:58 error: [PUT] /courses/6 >> StatusCode:: 401, Message:: Wrong authentication token
2024-10-07 12:24:13 error: [PUT] /courses/6 >> StatusCode:: 403, Message:: You are not authorized to update this course
2024-10-07 12:26:12 error: [DELETE] /courses/1 >> StatusCode:: 403, Message:: You are not authorized to update this course
2024-10-07 12:32:19 error: uncaughtException: Cannot read properties of undefined (reading 'securitySchemes')
TypeError: Cannot read properties of undefined (reading 'securitySchemes')
    at organize (C:\Users\MOSTFA\Desktop\gitLap\gamfi_near_backend\node_modules\swagger-jsdoc\src\specification.js:157:32)
    at build (C:\Users\MOSTFA\Desktop\gitLap\gamfi_near_backend\node_modules\swagger-jsdoc\src\specification.js:320:7)
    at module.exports (C:\Users\MOSTFA\Desktop\gitLap\gamfi_near_backend\node_modules\swagger-jsdoc\src\lib.js:32:10)
    at App.initializeSwagger (C:\Users\MOSTFA\Desktop\gitLap\gamfi_near_backend\src\app.ts:90:31)
    at new App (C:\Users\MOSTFA\Desktop\gitLap\gamfi_near_backend\src\app.ts:42:10)
    at Object.<anonymous> (C:\Users\MOSTFA\Desktop\gitLap\gamfi_near_backend\src\server.ts:13:13)
    at Module._compile (node:internal/modules/cjs/loader:1376:14)
    at Module.m._compile (C:\Users\MOSTFA\Desktop\gitLap\gamfi_near_backend\node_modules\ts-node\src\index.ts:1618:23)
    at Module._extensions..js (node:internal/modules/cjs/loader:1435:10)
    at Object.require.extensions.<computed> [as .ts] (C:\Users\MOSTFA\Desktop\gitLap\gamfi_near_backend\node_modules\ts-node\src\index.ts:1621:12)
2024-10-07 12:38:49 error: uncaughtException: Cannot read properties of undefined (reading 'securitySchemes')
TypeError: Cannot read properties of undefined (reading 'securitySchemes')
    at organize (C:\Users\MOSTFA\Desktop\gitLap\gamfi_near_backend\node_modules\swagger-jsdoc\src\specification.js:157:32)
    at build (C:\Users\MOSTFA\Desktop\gitLap\gamfi_near_backend\node_modules\swagger-jsdoc\src\specification.js:320:7)
    at module.exports (C:\Users\MOSTFA\Desktop\gitLap\gamfi_near_backend\node_modules\swagger-jsdoc\src\lib.js:32:10)
    at App.initializeSwagger (C:\Users\MOSTFA\Desktop\gitLap\gamfi_near_backend\src\app.ts:90:31)
    at new App (C:\Users\MOSTFA\Desktop\gitLap\gamfi_near_backend\src\app.ts:42:10)
    at Object.<anonymous> (C:\Users\MOSTFA\Desktop\gitLap\gamfi_near_backend\src\server.ts:13:13)
    at Module._compile (node:internal/modules/cjs/loader:1376:14)
    at Module.m._compile (C:\Users\MOSTFA\Desktop\gitLap\gamfi_near_backend\node_modules\ts-node\src\index.ts:1618:23)
    at Module._extensions..js (node:internal/modules/cjs/loader:1435:10)
    at Object.require.extensions.<computed> [as .ts] (C:\Users\MOSTFA\Desktop\gitLap\gamfi_near_backend\node_modules\ts-node\src\index.ts:1621:12)
2024-10-07 12:41:44 error: [GET] /courses >> StatusCode:: 404, Message:: Authentication token missing
c2024-10-07 12:50:00 error: uncaughtException: Cannot read properties of undefined (reading 'securitySchemes')
TypeError: Cannot read properties of undefined (reading 'securitySchemes')
    at organize (C:\Users\MOSTFA\Desktop\gitLap\gamfi_near_backend\node_modules\swagger-jsdoc\src\specification.js:157:32)
    at build (C:\Users\MOSTFA\Desktop\gitLap\gamfi_near_backend\node_modules\swagger-jsdoc\src\specification.js:320:7)
    at module.exports (C:\Users\MOSTFA\Desktop\gitLap\gamfi_near_backend\node_modules\swagger-jsdoc\src\lib.js:32:10)
    at App.initializeSwagger (C:\Users\MOSTFA\Desktop\gitLap\gamfi_near_backend\src\app.ts:90:31)
    at new App (C:\Users\MOSTFA\Desktop\gitLap\gamfi_near_backend\src\app.ts:42:10)
    at Object.<anonymous> (C:\Users\MOSTFA\Desktop\gitLap\gamfi_near_backend\src\server.ts:13:13)
    at Module._compile (node:internal/modules/cjs/loader:1376:14)
    at Module.m._compile (C:\Users\MOSTFA\Desktop\gitLap\gamfi_near_backend\node_modules\ts-node\src\index.ts:1618:23)
    at Module._extensions..js (node:internal/modules/cjs/loader:1435:10)
    at Object.require.extensions.<computed> [as .ts] (C:\Users\MOSTFA\Desktop\gitLap\gamfi_near_backend\node_modules\ts-node\src\index.ts:1621:12)
2024-10-07 13:06:55 error: uncaughtException: Cannot read properties of undefined (reading 'securitySchemes')
TypeError: Cannot read properties of undefined (reading 'securitySchemes')
    at organize (C:\Users\MOSTFA\Desktop\gitLap\gamfi_near_backend\node_modules\swagger-jsdoc\src\specification.js:157:32)
    at build (C:\Users\MOSTFA\Desktop\gitLap\gamfi_near_backend\node_modules\swagger-jsdoc\src\specification.js:320:7)
    at module.exports (C:\Users\MOSTFA\Desktop\gitLap\gamfi_near_backend\node_modules\swagger-jsdoc\src\lib.js:32:10)
    at App.initializeSwagger (C:\Users\MOSTFA\Desktop\gitLap\gamfi_near_backend\src\app.ts:90:31)
    at new App (C:\Users\MOSTFA\Desktop\gitLap\gamfi_near_backend\src\app.ts:42:10)
    at Object.<anonymous> (C:\Users\MOSTFA\Desktop\gitLap\gamfi_near_backend\src\server.ts:13:13)
    at Module._compile (node:internal/modules/cjs/loader:1376:14)
    at Module.m._compile (C:\Users\MOSTFA\Desktop\gitLap\gamfi_near_backend\node_modules\ts-node\src\index.ts:1618:23)
    at Module._extensions..js (node:internal/modules/cjs/loader:1435:10)
    at Object.require.extensions.<computed> [as .ts] (C:\Users\MOSTFA\Desktop\gitLap\gamfi_near_backend\node_modules\ts-node\src\index.ts:1621:12)
2024-10-07 13:32:39 error: uncaughtException: Cannot read properties of undefined (reading 'securitySchemes')
TypeError: Cannot read properties of undefined (reading 'securitySchemes')
    at organize (C:\Users\MOSTFA\Desktop\gitLap\gamfi_near_backend\node_modules\swagger-jsdoc\src\specification.js:157:32)
    at build (C:\Users\MOSTFA\Desktop\gitLap\gamfi_near_backend\node_modules\swagger-jsdoc\src\specification.js:320:7)
    at module.exports (C:\Users\MOSTFA\Desktop\gitLap\gamfi_near_backend\node_modules\swagger-jsdoc\src\lib.js:32:10)
    at App.initializeSwagger (C:\Users\MOSTFA\Desktop\gitLap\gamfi_near_backend\src\app.ts:90:31)
    at new App (C:\Users\MOSTFA\Desktop\gitLap\gamfi_near_backend\src\app.ts:42:10)
    at Object.<anonymous> (C:\Users\MOSTFA\Desktop\gitLap\gamfi_near_backend\src\server.ts:13:13)
    at Module._compile (node:internal/modules/cjs/loader:1376:14)
    at Module.m._compile (C:\Users\MOSTFA\Desktop\gitLap\gamfi_near_backend\node_modules\ts-node\src\index.ts:1618:23)
    at Module._extensions..js (node:internal/modules/cjs/loader:1435:10)
    at Object.require.extensions.<computed> [as .ts] (C:\Users\MOSTFA\Desktop\gitLap\gamfi_near_backend\node_modules\ts-node\src\index.ts:1621:12)
2024-10-07 13:46:05 error: uncaughtException: Cannot read properties of undefined (reading 'securitySchemes')
TypeError: Cannot read properties of undefined (reading 'securitySchemes')
    at organize (C:\Users\MOSTFA\Desktop\gitLap\gamfi_near_backend\node_modules\swagger-jsdoc\src\specification.js:157:32)
    at build (C:\Users\MOSTFA\Desktop\gitLap\gamfi_near_backend\node_modules\swagger-jsdoc\src\specification.js:320:7)
    at module.exports (C:\Users\MOSTFA\Desktop\gitLap\gamfi_near_backend\node_modules\swagger-jsdoc\src\lib.js:32:10)
    at App.initializeSwagger (C:\Users\MOSTFA\Desktop\gitLap\gamfi_near_backend\src\app.ts:90:31)
    at new App (C:\Users\MOSTFA\Desktop\gitLap\gamfi_near_backend\src\app.ts:42:10)
    at Object.<anonymous> (C:\Users\MOSTFA\Desktop\gitLap\gamfi_near_backend\src\server.ts:13:13)
    at Module._compile (node:internal/modules/cjs/loader:1376:14)
    at Module.m._compile (C:\Users\MOSTFA\Desktop\gitLap\gamfi_near_backend\node_modules\ts-node\src\index.ts:1618:23)
    at Module._extensions..js (node:internal/modules/cjs/loader:1435:10)
    at Object.require.extensions.<computed> [as .ts] (C:\Users\MOSTFA\Desktop\gitLap\gamfi_near_backend\node_modules\ts-node\src\index.ts:1621:12)
2024-10-07 18:24:26 error: uncaughtException: Cannot read properties of undefined (reading 'securitySchemes')
TypeError: Cannot read properties of undefined (reading 'securitySchemes')
    at organize (C:\Users\MOSTFA\Desktop\gitLap\gamfi_near_backend\node_modules\swagger-jsdoc\src\specification.js:157:32)
    at build (C:\Users\MOSTFA\Desktop\gitLap\gamfi_near_backend\node_modules\swagger-jsdoc\src\specification.js:320:7)
    at module.exports (C:\Users\MOSTFA\Desktop\gitLap\gamfi_near_backend\node_modules\swagger-jsdoc\src\lib.js:32:10)
    at App.initializeSwagger (C:\Users\MOSTFA\Desktop\gitLap\gamfi_near_backend\src\app.ts:90:31)
    at new App (C:\Users\MOSTFA\Desktop\gitLap\gamfi_near_backend\src\app.ts:42:10)
    at Object.<anonymous> (C:\Users\MOSTFA\Desktop\gitLap\gamfi_near_backend\src\server.ts:13:13)
    at Module._compile (node:internal/modules/cjs/loader:1376:14)
    at Module.m._compile (C:\Users\MOSTFA\Desktop\gitLap\gamfi_near_backend\node_modules\ts-node\src\index.ts:1618:23)
    at Module._extensions..js (node:internal/modules/cjs/loader:1435:10)
    at Object.require.extensions.<computed> [as .ts] (C:\Users\MOSTFA\Desktop\gitLap\gamfi_near_backend\node_modules\ts-node\src\index.ts:1621:12)
