2024-10-08 17:59:18 info: =================================
2024-10-08 17:59:18 info: =================================
2024-10-08 17:59:18 info: ======= ENV: development =======
2024-10-08 17:59:18 info: 🚀 App listening on the port 3000
2024-10-08 17:59:18 info: =================================
2024-10-08 17:59:18 info: ======= ENV: development =======
2024-10-08 17:59:18 info: 🚀 App listening on the port 3000
2024-10-08 17:59:18 info: =================================
2024-10-08 18:02:51 info: [0mGET /api-docs/ [32m200[0m 20.434 ms - -[0m
2024-10-08 18:02:51 info: [0mGET /api-docs/swagger-ui.css [32m200[0m 16.678 ms - -[0m
2024-10-08 18:02:51 info: [0mGET /api-docs/swagger-ui-standalone-preset.js [32m200[0m 16.943 ms - -[0m
2024-10-08 18:02:51 info: [0mGET /api-docs/swagger-ui-bundle.js [32m200[0m 48.164 ms - -[0m
2024-10-08 18:02:55 info: [0mGET /api-docs/swagger-ui-init.js [32m200[0m 13.019 ms - -[0m
2024-10-08 18:02:58 info: [0mGET /api-docs/favicon-32x32.png [36m304[0m 3.023 ms - -[0m
2024-10-08 18:02:59 info: [0mGET / [33m404[0m 9.019 ms - 139[0m
2024-10-08 18:02:59 info: [0mGET /api-docs/favicon-32x32.png [36m304[0m 2.896 ms - -[0m
2024-10-08 18:02:59 info: [0mGET /api-docs/favicon-32x32.png [36m304[0m 2.120 ms - -[0m
2024-10-08 18:02:59 info: [0mGET /favicon.ico [33m404[0m 1.138 ms - 150[0m
2024-10-08 18:03:00 info: [0mGET / [33m404[0m 1.095 ms - 139[0m
2024-10-08 18:04:36 info: [0mGET /api-docs/ [36m304[0m 3.226 ms - -[0m
2024-10-08 18:04:36 info: [0mGET /api-docs/swagger-ui.css [36m304[0m 2.099 ms - -[0m
2024-10-08 18:04:36 info: [0mGET /api-docs/swagger-ui-bundle.js [36m304[0m 6.476 ms - -[0m
2024-10-08 18:04:36 info: [0mGET /api-docs/swagger-ui-init.js [36m304[0m 0.938 ms - -[0m
2024-10-08 18:04:36 info: [0mGET /api-docs/swagger-ui-standalone-preset.js [36m304[0m 16.349 ms - -[0m
2024-10-08 18:04:39 info: [0mGET /api-docs/favicon-32x32.png [36m304[0m 4.485 ms - -[0m
2024-10-08 18:04:42 info: [0mGET / [33m404[0m 0.980 ms - 139[0m
2024-10-08 18:04:42 info: [0mGET /api-docs/favicon-32x32.png [36m304[0m 5.662 ms - -[0m
2024-10-08 18:04:42 info: [0mGET /api-docs/favicon-32x32.png [36m304[0m 1.636 ms - -[0m
2024-10-08 18:04:42 info: [0mGET /favicon.ico [33m404[0m 0.684 ms - 150[0m
2024-10-08 18:04:43 info: [0mGET / [33m404[0m 1.038 ms - 139[0m
2024-10-08 18:26:32 info: [0mGET /api-docs/ [36m304[0m 93.964 ms - -[0m
2024-10-08 18:26:32 info: [0mGET /api-docs/swagger-ui.css [36m304[0m 10.201 ms - -[0m
2024-10-08 18:26:32 info: [0mGET /api-docs/swagger-ui-bundle.js [36m304[0m 9.027 ms - -[0m
2024-10-08 18:26:32 info: [0mGET /api-docs/swagger-ui-standalone-preset.js [36m304[0m 67.503 ms - -[0m
2024-10-08 18:26:32 info: [0mGET /api-docs/swagger-ui-init.js [36m304[0m 15.298 ms - -[0m
2024-10-08 18:26:35 info: [0mGET /api-docs/favicon-32x32.png [36m304[0m 5.080 ms - -[0m
2024-10-08 18:26:37 info: [0mGET / [33m404[0m 95.149 ms - 139[0m
2024-10-08 18:26:38 info: [0mGET /favicon.ico [33m404[0m 3.018 ms - 150[0m
2024-10-08 18:26:38 info: [0mGET / [33m404[0m 0.858 ms - 139[0m
2024-10-08 18:27:02 error: [GET] /users >> StatusCode:: 500, Message:: 
Invalid `this.user.findMany()` invocation in
/home/anas/Desktop/nodejs/web3/con3x/gamfi_near_backend/src/services/users.service.ts:15:45

  12 public user = new PrismaClient().user;
  13 
  14 public async findAllUser(): Promise<User[]> {
→ 15   const allUser: User[] = await this.user.findMany(
Can't reach database server at `localhost`:`5430`

Please make sure your database server is running at `localhost`:`5430`.
2024-10-08 18:27:03 info: [0mGET /users [31m500[0m 1098.796 ms - 445[0m
