2024-10-07 10:59:16 info: =================================
2024-10-07 10:59:16 info: ======= ENV: development =======
2024-10-07 10:59:16 info: 🚀 App listening on the port 3000
2024-10-07 10:59:16 info: =================================
2024-10-07 11:23:51 info: =================================
2024-10-07 11:23:51 info: ======= ENV: development =======
2024-10-07 11:23:51 info: 🚀 App listening on the port 3000
2024-10-07 11:23:51 info: =================================
2024-10-07 11:26:09 info: =================================
2024-10-07 11:26:09 info: ======= ENV: development =======
2024-10-07 11:26:09 info: 🚀 App listening on the port 3000
2024-10-07 11:26:09 info: =================================
2024-10-07 11:26:28 info: =================================
2024-10-07 11:26:28 info: ======= ENV: development =======
2024-10-07 11:26:28 info: 🚀 App listening on the port 3000
2024-10-07 11:26:28 info: =================================
2024-10-07 11:43:02 info: =================================
2024-10-07 11:43:02 info: ======= ENV: development =======
2024-10-07 11:43:02 info: 🚀 App listening on the port 3000
2024-10-07 11:43:02 info: =================================
2024-10-07 11:49:48 info: =================================
2024-10-07 11:49:48 info: ======= ENV: development =======
2024-10-07 11:49:48 info: 🚀 App listening on the port 3000
2024-10-07 11:49:48 info: =================================
2024-10-07 11:52:26 info: =================================
2024-10-07 11:52:26 info: ======= ENV: development =======
2024-10-07 11:52:26 info: 🚀 App listening on the port 3000
2024-10-07 11:52:26 info: =================================
2024-10-07 11:55:35 info: =================================
2024-10-07 11:55:35 info: ======= ENV: development =======
2024-10-07 11:55:35 info: 🚀 App listening on the port 3000
2024-10-07 11:55:35 info: =================================
2024-10-07 12:07:33 info: =================================
2024-10-07 12:07:33 info: ======= ENV: development =======
2024-10-07 12:07:33 info: 🚀 App listening on the port 3000
2024-10-07 12:07:33 info: =================================
2024-10-07 12:09:19 info: =================================
2024-10-07 12:09:19 info: ======= ENV: development =======
2024-10-07 12:09:19 info: 🚀 App listening on the port 3000
2024-10-07 12:09:19 info: =================================
2024-10-07 12:10:47 info: =================================
2024-10-07 12:10:47 info: ======= ENV: development =======
2024-10-07 12:10:47 info: 🚀 App listening on the port 3000
2024-10-07 12:10:47 info: =================================
2024-10-07 12:16:23 info: =================================
2024-10-07 12:16:23 info: ======= ENV: development =======
2024-10-07 12:16:23 info: 🚀 App listening on the port 3000
2024-10-07 12:16:23 info: =================================
2024-10-07 12:16:52 info: json
2024-10-07 12:16:52 info: json
2024-10-07 12:16:52 info: json
2024-10-07 12:16:53 info: json
2024-10-07 12:16:53 info: json
2024-10-07 12:16:53 info: json
2024-10-07 12:18:00 info: json
2024-10-07 12:19:46 info: json
2024-10-07 12:20:48 info: json
2024-10-07 12:21:19 info: json
2024-10-07 12:22:15 info: json
2024-10-07 12:22:59 error: [GET] /courses/1 >> StatusCode:: 403, Message:: You are not authorized to update this course
2024-10-07 12:22:59 info: json
2024-10-07 12:23:43 info: json
2024-10-07 12:23:58 error: [PUT] /courses/6 >> StatusCode:: 401, Message:: Wrong authentication token
2024-10-07 12:23:58 info: json
2024-10-07 12:24:13 error: [PUT] /courses/6 >> StatusCode:: 403, Message:: You are not authorized to update this course
2024-10-07 12:24:13 info: json
2024-10-07 12:25:03 info: json
2024-10-07 12:25:53 info: =================================
2024-10-07 12:25:53 info: ======= ENV: development =======
2024-10-07 12:25:53 info: 🚀 App listening on the port 3000
2024-10-07 12:25:53 info: =================================
2024-10-07 12:26:12 error: [DELETE] /courses/1 >> StatusCode:: 403, Message:: You are not authorized to update this course
2024-10-07 12:26:12 info: json
2024-10-07 12:26:28 info: json
2024-10-07 12:39:49 info: =================================
2024-10-07 12:39:49 info: ======= ENV: development =======
2024-10-07 12:39:49 info: 🚀 App listening on the port 3000
2024-10-07 12:39:49 info: =================================
2024-10-07 12:39:53 info: json
2024-10-07 12:39:53 info: json
2024-10-07 12:39:53 info: json
2024-10-07 12:39:53 info: json
2024-10-07 12:39:54 info: json
2024-10-07 12:41:44 error: [GET] /courses >> StatusCode:: 404, Message:: Authentication token missing
2024-10-07 12:41:44 info: json
2024-10-07 13:16:37 info: =================================
2024-10-07 13:16:37 info: ======= ENV: development =======
2024-10-07 13:16:37 info: 🚀 App listening on the port 3000
2024-10-07 13:16:37 info: =================================
2024-10-07 13:16:49 info: json
2024-10-07 13:16:49 info: json
2024-10-07 13:16:49 info: json
2024-10-07 13:16:49 info: json
2024-10-07 13:16:49 info: json
2024-10-07 18:25:26 info: =================================
2024-10-07 18:25:26 info: ======= ENV: development =======
2024-10-07 18:25:26 info: 🚀 App listening on the port 3000
2024-10-07 18:25:26 info: =================================
